<?xml version="1.0" encoding="UTF-8"?>
<!-- Generated by org.testng.reporters.JUnitReportReporter -->
<testsuite hostname="LAPTOP-QLPEOAFB" failures="0" tests="1" name="tests.LoginTest" time="0.706" errors="0" timestamp="2023-01-13T13:33:24 IST" skipped="0">
  <testcase classname="tests.LoginTest" name="click" time="0.706"/>
  <system-out/>
</testsuite> <!-- tests.LoginTest -->
