<?xml version="1.0" encoding="UTF-8"?>
<!-- Generated by org.testng.reporters.JUnitReportReporter -->
<testsuite hostname="LAPTOP-QLPEOAFB" failures="0" tests="1" name="tests1.LoginTest1" time="2.943" errors="0" timestamp="2023-01-19T22:57:07 IST" skipped="0">
  <testcase classname="tests1.LoginTest1" name="click" time="2.943"/>
  <system-out/>
</testsuite> <!-- tests1.LoginTest1 -->
